app/build/outputs/mapping/release/seeds.txt
m176_a3001.s241.d203.a116.twa.Application
m176_a3001.s241.d203.a116.twa.DelegationService
m176_a3001.s241.d203.a116.twa.Application: Application()
m176_a3001.s241.d203.a116.twa.LauncherActivity
m176_a3001.s241.d203.a116.twa.LauncherActivity: LauncherActivity()
m176_a3001.s241.d203.a116.twa.DelegationService: DelegationService()
...
com.google.android.gms.internal.play_billing.zzcb: int zzd
com.google.android.gms.signin.internal.zak: android.os.Parcelable$Creator CREATOR
com.google.android.gms.internal.play_billing.zzfj: java.lang.String zzh
androidx.core.graphics.drawable.IconCompat: IconCompat()
com.google.android.gms.common.util.DynamiteApi
androidx.browser.browseractions.BrowserActionsFallbackMenuView: BrowserActionsFallbackMenuView(android.content.Context,android.util.AttributeSet)
androidx.core.app.RemoteActionCompat: RemoteActionCompat()
androidx.lifecycle.CompositeGeneratedAdaptersObserver
androidx.versionedparcelable.ParcelImpl: android.os.Parcelable$Creator CREATOR
androidx.core.app.RemoteActionCompat
androidx.lifecycle.Lifecycle$Event: androidx.lifecycle.Lifecycle$Event ON_PAUSE
com.google.android.gms.common.api.internal.LifecycleCallback: com.google.android.gms.common.api.internal.LifecycleFragment getChimeraLifecycleFragmentImpl(com.google.android.gms.common.api.internal.LifecycleActivity)
androidx.fragment.app.FragmentState: android.os.Parcelable$Creator CREATOR
android.support.v4.app.RemoteActionCompatParcelizer: androidx.core.app.RemoteActionCompat read(androidx.versionedparcelable.VersionedParcel)
com.google.android.gms.internal.play_billing.zzfs: int zze
androidx.lifecycle.Lifecycle$Event: androidx.lifecycle.Lifecycle$Event ON_STOP
com.google.android.gms.internal.play_billing.zzbt: com.google.android.gms.internal.play_billing.zzbt[] values()
androidx.lifecycle.Lifecycle$Event: androidx.lifecycle.Lifecycle$Event ON_RESUME
com.google.android.gms.location.LastLocationRequest: android.os.Parcelable$Creator CREATOR
androidx.lifecycle.ReflectiveGenericLifecycleObserver
com.google.android.gms.dynamite.DynamiteModule$DynamiteLoaderClassLoader: java.lang.ClassLoader sClassLoader
com.google.android.gms.common.annotation.KeepName
com.google.android.gms.common.api.GoogleApiActivity: GoogleApiActivity()
android.support.v4.graphics.drawable.IconCompatParcelizer
android.support.v4.app.RemoteActionCompatParcelizer: RemoteActionCompatParcelizer()
com.google.android.gms.internal.play_billing.zzfm
com.google.android.gms.internal.play_billing.zzfv: com.google.android.gms.internal.play_billing.zzfv zzd
com.google.android.gms.common.internal.TelemetryData: android.os.Parcelable$Creator CREATOR
com.google.android.gms.internal.play_billing.zzfj: int zzg
androidx.lifecycle.FullLifecycleObserverAdapter
androidx.loader.app.LoaderManagerImpl$LoaderViewModel
androidx.core.app.RemoteActionCompatParcelizer: androidx.core.app.RemoteActionCompat read(androidx.versionedparcelable.VersionedParcel)
com.google.android.gms.internal.play_billing.zzfb: int zze
com.google.android.gms.internal.play_billing.zzfv: int zzb
com.google.androidbrowserhelper.playbilling.provider.PaymentActivity
com.google.android.gms.location.LocationRequest: android.os.Parcelable$Creator CREATOR
com.google.android.gms.internal.play_billing.zzfj: java.lang.String zzf
androidx.lifecycle.Lifecycle$Event: androidx.lifecycle.Lifecycle$Event valueOf(java.lang.String)
androidx.lifecycle.Lifecycle$Event: androidx.lifecycle.Lifecycle$Event[] values()
com.google.android.gms.internal.location.zzdb: android.os.Parcelable$Creator CREATOR
com.google.android.gms.common.Feature: android.os.Parcelable$Creator CREATOR
com.google.android.gms.internal.play_billing.zzfj: int zzd
com.google.android.gms.common.ConnectionResult: android.os.Parcelable$Creator CREATOR
com.google.androidbrowserhelper.trusted.ManageDataLauncherActivity
com.google.android.gms.signin.internal.zai: android.os.Parcelable$Creator CREATOR
com.google.androidbrowserhelper.playbilling.provider.PaymentService
androidx.core.app.RemoteActionCompatParcelizer: RemoteActionCompatParcelizer()
android.support.v4.app.RemoteActionCompatParcelizer: void write(androidx.core.app.RemoteActionCompat,androidx.versionedparcelable.VersionedParcel)
androidx.lifecycle.Lifecycle$Event: androidx.lifecycle.Lifecycle$Event ON_CREATE