app/build/outputs/mapping/release/mapping.txt
# compiler: R8
# compiler_version: 2.1.86
# min_api: 19
# pg_map_id: 3099a67
# common_typos_disable
m176_a3001.s241.d203.a116.twa.LauncherActivity -> m176_a3001.s241.d203.a116.twa.LauncherActivity:
    android.net.Uri getLaunchingUrl() -> g
...
androidx.fragment.app.FragmentTransitionImpl$1 -> b.e.a.q$a:
    java.util.ArrayList val$outNames -> e
    java.util.ArrayList val$sharedElementsOut -> d
    java.util.ArrayList val$inNames -> c
    java.util.ArrayList val$sharedElementsIn -> b
    int val$numSharedElements -> a
androidx.fragment.app.FragmentTransitionImpl$2 -> b.e.a.q$b:
    java.util.Map val$nameOverrides -> b
    java.util.ArrayList val$sharedElementsIn -> a
androidx.fragment.app.FragmentTransitionImpl$3 -> b.e.a.q$c:
    java.util.Map val$nameOverrides -> b
    java.util.ArrayList val$sharedElementsIn -> a
androidx.fragment.app.OneShotPreDrawListener -> b.e.a.r:
    java.lang.Runnable mRunnable -> c
    android.view.View mView -> a
    android.view.ViewTreeObserver mViewTreeObserver -> b
    androidx.fragment.app.OneShotPreDrawListener add(android.view.View,java.lang.Runnable) -> a
    void removeListener() -> b
androidx.fragment.app.SuperNotCalledException -> b.e.a.s:
androidx.lifecycle.ClassesInfoCache -> androidx.lifecycle.a:
    java.util.Map mCallbackMap -> a
    java.util.Map mHasLifecycleMethods -> b
    androidx.lifecycle.ClassesInfoCache sInstance -> c
    androidx.lifecycle.ClassesInfoCache$CallbackInfo createInfo(java.lang.Class,java.lang.reflect.Method[]) -> a
    java.lang.reflect.Method[] getDeclaredMethods(java.lang.Class) -> b
    androidx.lifecycle.ClassesInfoCache$CallbackInfo getInfo(java.lang.Class) -> c
    boolean hasLifecycleMethods(java.lang.Class) -> d
    void verifyAndPutHandler(java.util.Map,androidx.lifecycle.ClassesInfoCache$MethodReference,androidx.lifecycle.Lifecycle$Event,java.lang.Class) -> e
androidx.lifecycle.ClassesInfoCache$CallbackInfo -> androidx.lifecycle.a$a:
    java.util.Map mEventToHandlers -> a
    java.util.Map mHandlerToEvent -> b
    void invokeCallbacks(androidx.lifecycle.LifecycleOwner,androidx.lifecycle.Lifecycle$Event,java.lang.Object) -> a
    void invokeMethodsForEvent(java.util.List,androidx.lifecycle.LifecycleOwner,androidx.lifecycle.Lifecycle$Event,java.lang.Object) -> b
androidx.lifecycle.ClassesInfoCache$MethodReference -> androidx.lifecycle.a$b:
    int mCallType -> a
    java.lang.reflect.Method mMethod -> b
    void invokeCallback(androidx.lifecycle.LifecycleOwner,androidx.lifecycle.Lifecycle$Event,java.lang.Object) -> a
androidx.lifecycle.CompositeGeneratedAdaptersObserver -> androidx.lifecycle.CompositeGeneratedAdaptersObserver:
    androidx.lifecycle.GeneratedAdapter[] mGeneratedAdapters -> a
    void onStateChanged(androidx.lifecycle.LifecycleOwner,androidx.lifecycle.Lifecycle$Event) -> g
androidx.lifecycle.FullLifecycleObserver -> androidx.lifecycle.b:
    void onResume(androidx.lifecycle.LifecycleOwner) -> a
    void onPause(androidx.lifecycle.LifecycleOwner) -> b
    void onDestroy(androidx.lifecycle.LifecycleOwner) -> c
    void onStop(androidx.lifecycle.LifecycleOwner) -> d
    void onCreate(androidx.lifecycle.LifecycleOwner) -> e
    void onStart(androidx.lifecycle.LifecycleOwner) -> f
androidx.lifecycle.FullLifecycleObserverAdapter -> androidx.lifecycle.FullLifecycleObserverAdapter:
    androidx.lifecycle.FullLifecycleObserver mObserver -> a
    void onStateChanged(androidx.lifecycle.LifecycleOwner,androidx.lifecycle.Lifecycle$Event) -> g
androidx.lifecycle.FullLifecycleObserverAdapter$1 -> androidx.lifecycle.FullLifecycleObserverAdapter$a:
    int[] $SwitchMap$androidx$lifecycle$Lifecycle$Event -> a
androidx.lifecycle.GeneratedAdapter -> androidx.lifecycle.c:
    void callMethods(androidx.lifecycle.LifecycleOwner,androidx.lifecycle.Lifecycle$Event,boolean,androidx.lifecycle.MethodCallsLogger) -> a
androidx.lifecycle.GenericLifecycleObserver -> androidx.lifecycle.d:
    void onStateChanged(androidx.lifecycle.LifecycleOwner,androidx.lifecycle.Lifecycle$Event) -> g