app/build/outputs/mapping/release/usage.txt
m176_a3001.s241.d203.a116.twa.R$string
m176_a3001.s241.d203.a116.twa.R$dimen
m176_a3001.s241.d203.a116.twa.R$bool
m176_a3001.s241.d203.a116.twa.R
m176_a3001.s241.d203.a116.twa.R$layout
m176_a3001.s241.d203.a116.twa.R$id
m176_a3001.s241.d203.a116.twa.R$integer
m176_a3001.s241.d203.a116.twa.R$mipmap
m176_a3001.s241.d203.a116.twa.R$color
m176_a3001.s241.d203.a116.twa.R$xml
m176_a3001.s241.d203.a116.twa.BuildConfig
m176_a3001.s241.d203.a116.twa.R$drawable
m176_a3001.s241.d203.a116.twa.R$styleable
m176_a3001.s241.d203.a116.twa.R$raw
m176_a3001.s241.d203.a116.twa.R$attr
m176_a3001.s241.d203.a116.twa.R$style
...
androidx.core.provider.FontsContractCompat$FontRequestCallback
android.support.customtabs.trusted.ITrustedWebActivityService$Default
com.google.android.gms.internal.common.zzn
androidx.core.app.NotificationManagerCompat$SideChannelManager$ListenerRecord
com.google.android.gms.internal.play_billing.zzaz:
    private void <init>()
androidx.core.graphics.TypefaceCompatBaseImpl$StyleExtractor
com.google.android.gms.common.internal.ImagesContract
androidx.drawerlayout.widget.DrawerLayout$SimpleDrawerListener
androidx.core.database.DatabaseUtilsCompat
androidx.slidingpanelayout.R$id
com.google.android.gms.internal.location.zzao
androidx.core.view.MenuItemCompat$OnActionExpandListener
com.android.billingclient.api.Purchase$PurchaseState
androidx.core.app.NotificationCompat$1
androidx.asynclayoutinflater.R$id
androidx.loader.app.LoaderManagerImpl$LoaderObserver:
    void <init>(androidx.loader.content.Loader,androidx.loader.app.LoaderManager$LoaderCallbacks)
    public void onChanged(java.lang.Object)
    public java.lang.String toString()
    private final androidx.loader.content.Loader mLoader
    private final androidx.loader.app.LoaderManager$LoaderCallbacks mCallback
    private boolean mDeliveredData
com.google.android.gms.dynamic.zad
androidx.coordinatorlayout.R$color
com.google.android.gms.common.api.internal.TaskApiCall$Builder:
    private void <init>()
    public com.google.android.gms.common.api.internal.TaskApiCall$Builder execute(com.google.android.gms.common.util.BiConsumer)
com.google.android.gms.internal.location.zzak
androidx.core.graphics.drawable.TintAwareDrawable:
    public abstract void setTint(int)
    public abstract void setTintList(android.content.res.ColorStateList)
    public abstract void setTintMode(android.graphics.PorterDuff$Mode)
com.android.billingclient.api.zzi
androidx.viewpager.widget.ViewPager$SavedState
com.google.android.gms.common.data.zab
com.google.android.gms.common.zzn:
    static com.google.android.gms.common.zzx zza(java.lang.String,com.google.android.gms.common.zzj,boolean,boolean)
    static com.google.android.gms.common.zzx zzb(java.lang.String,boolean,boolean,boolean)
    private static com.google.android.gms.common.zzx zzh(java.lang.String,com.google.android.gms.common.zzj,boolean,boolean)
    static com.google.android.gms.common.zzx zzc(java.lang.String,boolean,boolean,boolean)
    private static com.google.android.gms.common.zzx zzi(java.lang.String,boolean,boolean,boolean,boolean)
    static synthetic java.lang.String zzd(boolean,java.lang.String,com.google.android.gms.common.zzj)
    private static void zzj()
    static boolean zzf()
    static boolean zzg()
    private static volatile com.google.android.gms.common.internal.zzaf zze
com.google.androidbrowserhelper.playbilling.BuildConfig
androidx.annotation.AnimRes
androidx.annotation.XmlRes
androidx.loader.content.Loader$OnLoadCanceledListener
com.google.android.gms.internal.common.zzac
androidx.core.graphics.TypefaceCompatBaseImpl
androidx.core.view.ViewCompat$NestedScrollType
com.google.android.gms.actions.ItemListIntents
com.google.android.gms.common.stats.LoggingConstants
com.google.androidbrowserhelper.playbilling.ICallback$Stub$Proxy
com.google.android.gms.common.api.Batch
com.google.androidbrowserhelper.trusted.Utils:
    public void <init>()
com.google.android.gms.common.moduleinstall.internal.zaaa
androidx.annotation.IntDef
androidx.core.os.CancellationSignal$OnCancelListener
com.google.android.gms.common.api.internal.zaar
androidx.documentfile.provider.SingleDocumentFile
com.google.android.gms.common.api.ResultCallbacks
com.google.android.gms.internal.play_billing.zzi:
    protected void <init>(java.lang.String)
    public final android.os.IBinder asBinder()
    protected boolean zzb(int,android.os.Parcel,android.os.Parcel,int)
    public final boolean onTransact(int,android.os.Parcel,android.os.Parcel,int)
androidx.loader.R$styleable